#
# There is insufficient memory for the Java Runtime Environment to continue.
# Native memory allocation (mmap) failed to map 262144000 bytes for committing reserved memory.
# Possible reasons:
#   The system is out of physical RAM or swap space
#   The process is running with CompressedOops enabled, and the Java Heap may be blocking the growth of the native heap
# Possible solutions:
#   Reduce memory load on the system
#   Increase physical memory or swap space
#   Check if swap backing store is full
#   Decrease Java heap size (-Xmx/-Xms)
#   Decrease number of Java threads
#   Decrease Java thread stack sizes (-Xss)
#   Set larger code cache with -XX:ReservedCodeCacheSize=
# This output file may be truncated or incomplete.
#
#  Out of Memory Error (os_linux.cpp:2805), pid=21381, tid=21383
#
# JRE version:  (13.0.2+8) (build )
# Java VM: Java HotSpot(TM) 64-Bit Server VM (13.0.2+8, mixed mode, aot, sharing, tiered, compressed oops, g1 gc, linux-amd64)
# Core dump will be written. Default location: Core dumps may be processed with "/usr/share/apport/apport %p %s %c %d %P" (or dumping to /home/yasmine/TechTheTide-HighLevel/T3HL-common/core.21381)
#

---------------  S U M M A R Y ------------

Command Line: -Dorg.gradle.native=false -Xmx512m -Dfile.encoding=UTF-8 -Duser.country=FR -Duser.language=fr -Duser.variant -ea worker.org.gradle.process.internal.worker.GradleWorkerMain 'Gradle Test Executor 12'

Host: Intel(R) Core(TM) i7-6600U CPU @ 2.60GHz, 4 cores, 15G, Ubuntu 18.04.4 LTS
Time: Thu Feb 27 01:24:35 2020 CET elapsed time: 0 seconds (0d 0h 0m 0s)

---------------  T H R E A D  ---------------

Current thread (0x00007feb7c01a000):  JavaThread "Unknown thread" [_thread_in_vm, id=21383, stack(0x00007feb843e3000,0x00007feb844e4000)]

Stack: [0x00007feb843e3000,0x00007feb844e4000],  sp=0x00007feb844e2340,  free space=1020k
Native frames: (J=compiled Java code, A=aot compiled Java code, j=interpreted, Vv=VM code, C=native code)
V  [libjvm.so+0xdbe957]  VMError::report_and_die(int, char const*, char const*, __va_list_tag*, Thread*, unsigned char*, void*, void*, char const*, int, unsigned long)+0x377
V  [libjvm.so+0xdbf50b]  VMError::report_and_die(Thread*, char const*, int, unsigned long, VMErrorType, char const*, __va_list_tag*)+0x2b
V  [libjvm.so+0x628625]  report_vm_out_of_memory(char const*, int, unsigned long, VMErrorType, char const*, ...)+0xc5
V  [libjvm.so+0xba41c8]  os::pd_commit_memory_or_exit(char*, unsigned long, unsigned long, bool, char const*)+0xd8
V  [libjvm.so+0xb9af2d]  os::commit_memory_or_exit(char*, unsigned long, unsigned long, bool, char const*)+0x1d
V  [libjvm.so+0x75444c]  G1PageBasedVirtualSpace::commit_preferred_pages(unsigned long, unsigned long)+0x6c
V  [libjvm.so+0x754854]  G1PageBasedVirtualSpace::commit(unsigned long, unsigned long)+0x174
V  [libjvm.so+0x75ffc6]  G1RegionsLargerThanCommitSizeMapper::commit_regions(unsigned int, unsigned long, WorkGang*)+0x46
V  [libjvm.so+0x7d516e]  HeapRegionManager::commit_regions(unsigned int, unsigned long, WorkGang*)+0x4e
V  [libjvm.so+0x7d5e70]  HeapRegionManager::make_regions_available(unsigned int, unsigned int, WorkGang*)+0x30
V  [libjvm.so+0x7d6397]  HeapRegionManager::expand_at(unsigned int, unsigned int, WorkGang*)+0xf7
V  [libjvm.so+0x70c220]  G1CollectedHeap::expand(unsigned long, WorkGang*, double*)+0xe0
V  [libjvm.so+0x70c9eb]  G1CollectedHeap::initialize()+0x74b
V  [libjvm.so+0xd7eae7]  Universe::initialize_heap()+0x27
V  [libjvm.so+0xd7eb9b]  universe_init()+0x7b
V  [libjvm.so+0x7f87a7]  init_globals()+0x57
V  [libjvm.so+0xd589f2]  Threads::create_vm(JavaVMInitArgs*, bool*)+0x372
V  [libjvm.so+0x89eed1]  JNI_CreateJavaVM+0x51
C  [libjli.so+0x399f]  JavaMain+0x7f
C  [libjli.so+0x8669]  ThreadJavaMain+0x9


---------------  P R O C E S S  ---------------

Threads class SMR info:
_java_thread_list=0x00007feb838dd500, length=0, elements={
}

Java Threads: ( => current thread )

Other Threads:
  0x00007feb7c052000 GCTaskThread "GC Thread#0" [stack: 0x00007feb806e9000,0x00007feb807e9000] [id=21384]
  0x00007feb7c058800 ConcurrentGCThread "G1 Main Marker" [stack: 0x00007feb805e7000,0x00007feb806e7000] [id=21385]
  0x00007feb7c05a000 ConcurrentGCThread "G1 Conc#0" [stack: 0x00007feb804e5000,0x00007feb805e5000] [id=21386]

[error occurred during error reporting (printing all threads), id 0xb, SIGSEGV (0xb) at pc=0x00007feb82dd2df0]

VM state:not at safepoint (not fully initialized)

VM Mutex/Monitor currently owned by a thread:  ([mutex/lock_event])
[0x00007feb7c015ce0] Heap_lock - owner thread: 0x00007feb7c01a000

Heap address: 0x00000000e0000000, size: 512 MB, Compressed Oops mode: Non-zero based: 0x00000000e0000000
Narrow klass base: 0x0000000000000000, Narrow klass shift: 0

GC Heap History (0 events):
No events

Deoptimization events (0 events):
No events

Classes unloaded (0 events):
No events

Classes redefined (0 events):
No events

Internal exceptions (0 events):
No events

Events (9 events):
Event: 0.002 Protecting memory [0x00007feb843e3000,0x00007feb843e7000] with protection modes 0
Event: 0.002 Loaded shared library /usr/lib/jvm/java-13-oracle/lib/libzip.so
Event: 0.002 Loaded shared library /usr/lib/jvm/java-13-oracle/lib/libjimage.so
Event: 0.002 Loading shared library /usr/lib/jvm/java-13-oracle/lib/libjava.base-coop.so failed, /usr/lib/jvm/java-13-oracle/lib/libjava.base-coop.so: cannot open shared object file: No such file or directory
Event: 0.003 Loading shared library /usr/lib/jvm/java-13-oracle/lib/libjava.logging-coop.so failed, /usr/lib/jvm/java-13-oracle/lib/libjava.logging-coop.so: cannot open shared object file: No such file or directory
Event: 0.016 Loading shared library /usr/lib/jvm/java-13-oracle/lib/libjdk.compiler-coop.so failed, /usr/lib/jvm/java-13-oracle/lib/libjdk.compiler-coop.so: cannot open shared object file: No such file or directory
Event: 0.016 Loading shared library /usr/lib/jvm/java-13-oracle/lib/libjdk.scripting.nashorn-coop.so failed, /usr/lib/jvm/java-13-oracle/lib/libjdk.scripting.nashorn-coop.so: cannot open shared object file: No such file or directory
Event: 0.016 Loading shared library /usr/lib/jvm/java-13-oracle/lib/libjdk.internal.vm.ci-coop.so failed, /usr/lib/jvm/java-13-oracle/lib/libjdk.internal.vm.ci-coop.so: cannot open shared object file: No such file or directory
Event: 0.016 Loading shared library /usr/lib/jvm/java-13-oracle/lib/libjdk.internal.vm.compiler-coop.so failed, /usr/lib/jvm/java-13-oracle/lib/libjdk.internal.vm.compiler-coop.so: cannot open shared object file: No such file or directory


Dynamic libraries:
00400000-00401000 r-xp 00000000 103:06 13900404                          /usr/lib/jvm/java-13-oracle/bin/java
00401000-00402000 r--p 00000000 103:06 13900404                          /usr/lib/jvm/java-13-oracle/bin/java
00402000-00403000 rw-p 00001000 103:06 13900404                          /usr/lib/jvm/java-13-oracle/bin/java
00f18000-00f39000 rw-p 00000000 00:00 0                                  [heap]
efa00000-100000000 ---p 00000000 00:00 0 
7feb55d8b000-7feb58000000 rw-p 00000000 00:00 0 
7feb58000000-7feb58021000 rw-p 00000000 00:00 0 
7feb58021000-7feb5c000000 ---p 00000000 00:00 0 
7feb5c000000-7feb5c021000 rw-p 00000000 00:00 0 
7feb5c021000-7feb60000000 ---p 00000000 00:00 0 
7feb60000000-7feb60021000 rw-p 00000000 00:00 0 
7feb60021000-7feb64000000 ---p 00000000 00:00 0 
7feb6411c000-7feb6426c000 rw-p 00000000 00:00 0 
7feb6426c000-7feb64a6c000 ---p 00000000 00:00 0 
7feb64a6c000-7feb64cdc000 rwxp 00000000 00:00 0 
7feb64cdc000-7feb64ffd000 ---p 00000000 00:00 0 
7feb64ffd000-7feb6526d000 rwxp 00000000 00:00 0 
7feb6526d000-7feb6c534000 ---p 00000000 00:00 0 
7feb6c534000-7feb6c7a4000 rwxp 00000000 00:00 0 
7feb6c7a4000-7feb73a6c000 ---p 00000000 00:00 0 
7feb73a6c000-7feb7c000000 r--s 00000000 103:06 13902499                  /usr/lib/jvm/java-13-oracle/lib/modules
7feb7c000000-7feb7c078000 rw-p 00000000 00:00 0 
7feb7c078000-7feb80000000 ---p 00000000 00:00 0 
7feb800df000-7feb804e3000 rw-p 00000000 00:00 0 
7feb804e3000-7feb804e4000 ---p 00000000 00:00 0 
7feb804e4000-7feb805e5000 rw-p 00000000 00:00 0 
7feb805e5000-7feb805e6000 ---p 00000000 00:00 0 
7feb805e6000-7feb806e7000 rw-p 00000000 00:00 0 
7feb806e7000-7feb806e8000 ---p 00000000 00:00 0 
7feb806e8000-7feb807e9000 rw-p 00000000 00:00 0 
7feb807e9000-7feb812e9000 ---p 00000000 00:00 0 
7feb812e9000-7feb816f2000 rw-p 00000000 00:00 0 
7feb816f2000-7feb817d8000 ---p 00000000 00:00 0 
7feb817d8000-7feb817dd000 rw-p 00000000 00:00 0 
7feb817dd000-7feb818c3000 ---p 00000000 00:00 0 
7feb818c3000-7feb818ce000 r-xp 00000000 103:06 15078127                  /lib/x86_64-linux-gnu/libnss_files-2.27.so
7feb818ce000-7feb81acd000 ---p 0000b000 103:06 15078127                  /lib/x86_64-linux-gnu/libnss_files-2.27.so
7feb81acd000-7feb81ace000 r--p 0000a000 103:06 15078127                  /lib/x86_64-linux-gnu/libnss_files-2.27.so
7feb81ace000-7feb81acf000 rw-p 0000b000 103:06 15078127                  /lib/x86_64-linux-gnu/libnss_files-2.27.so
7feb81acf000-7feb81ad5000 rw-p 00000000 00:00 0 
7feb81ad5000-7feb81aec000 r-xp 00000000 103:06 15078121                  /lib/x86_64-linux-gnu/libnsl-2.27.so
7feb81aec000-7feb81ceb000 ---p 00017000 103:06 15078121                  /lib/x86_64-linux-gnu/libnsl-2.27.so
7feb81ceb000-7feb81cec000 r--p 00016000 103:06 15078121                  /lib/x86_64-linux-gnu/libnsl-2.27.so
7feb81cec000-7feb81ced000 rw-p 00017000 103:06 15078121                  /lib/x86_64-linux-gnu/libnsl-2.27.so
7feb81ced000-7feb81cef000 rw-p 00000000 00:00 0 
7feb81cef000-7feb81cfa000 r-xp 00000000 103:06 15078138                  /lib/x86_64-linux-gnu/libnss_nis-2.27.so
7feb81cfa000-7feb81ef9000 ---p 0000b000 103:06 15078138                  /lib/x86_64-linux-gnu/libnss_nis-2.27.so
7feb81ef9000-7feb81efa000 r--p 0000a000 103:06 15078138                  /lib/x86_64-linux-gnu/libnss_nis-2.27.so
7feb81efa000-7feb81efb000 rw-p 0000b000 103:06 15078138                  /lib/x86_64-linux-gnu/libnss_nis-2.27.so
7feb81efb000-7feb81f03000 r-xp 00000000 103:06 15078123                  /lib/x86_64-linux-gnu/libnss_compat-2.27.so
7feb81f03000-7feb82103000 ---p 00008000 103:06 15078123                  /lib/x86_64-linux-gnu/libnss_compat-2.27.so
7feb82103000-7feb82104000 r--p 00008000 103:06 15078123                  /lib/x86_64-linux-gnu/libnss_compat-2.27.so
7feb82104000-7feb82105000 rw-p 00009000 103:06 15078123                  /lib/x86_64-linux-gnu/libnss_compat-2.27.so
7feb82105000-7feb8210c000 r-xp 00000000 103:06 15078178                  /lib/x86_64-linux-gnu/librt-2.27.so
7feb8210c000-7feb8230b000 ---p 00007000 103:06 15078178                  /lib/x86_64-linux-gnu/librt-2.27.so
7feb8230b000-7feb8230c000 r--p 00006000 103:06 15078178                  /lib/x86_64-linux-gnu/librt-2.27.so
7feb8230c000-7feb8230d000 rw-p 00007000 103:06 15078178                  /lib/x86_64-linux-gnu/librt-2.27.so
7feb8230d000-7feb824aa000 r-xp 00000000 103:06 15078100                  /lib/x86_64-linux-gnu/libm-2.27.so
7feb824aa000-7feb826a9000 ---p 0019d000 103:06 15078100                  /lib/x86_64-linux-gnu/libm-2.27.so
7feb826a9000-7feb826aa000 r--p 0019c000 103:06 15078100                  /lib/x86_64-linux-gnu/libm-2.27.so
7feb826aa000-7feb826ab000 rw-p 0019d000 103:06 15078100                  /lib/x86_64-linux-gnu/libm-2.27.so
7feb826ab000-7feb8376b000 r-xp 00000000 103:06 14289036                  /usr/lib/jvm/java-13-oracle/lib/server/libjvm.so
7feb8376b000-7feb8376c000 ---p 010c0000 103:06 14289036                  /usr/lib/jvm/java-13-oracle/lib/server/libjvm.so
7feb8376c000-7feb8382d000 r--p 010c0000 103:06 14289036                  /usr/lib/jvm/java-13-oracle/lib/server/libjvm.so
7feb8382d000-7feb83867000 rw-p 01181000 103:06 14289036                  /usr/lib/jvm/java-13-oracle/lib/server/libjvm.so
7feb83867000-7feb838e9000 rw-p 00000000 00:00 0 
7feb838e9000-7feb83ad0000 r-xp 00000000 103:06 15078037                  /lib/x86_64-linux-gnu/libc-2.27.so
7feb83ad0000-7feb83cd0000 ---p 001e7000 103:06 15078037                  /lib/x86_64-linux-gnu/libc-2.27.so
7feb83cd0000-7feb83cd4000 r--p 001e7000 103:06 15078037                  /lib/x86_64-linux-gnu/libc-2.27.so
7feb83cd4000-7feb83cd6000 rw-p 001eb000 103:06 15078037                  /lib/x86_64-linux-gnu/libc-2.27.so
7feb83cd6000-7feb83cda000 rw-p 00000000 00:00 0 
7feb83cda000-7feb83cdd000 r-xp 00000000 103:06 15078060                  /lib/x86_64-linux-gnu/libdl-2.27.so
7feb83cdd000-7feb83edc000 ---p 00003000 103:06 15078060                  /lib/x86_64-linux-gnu/libdl-2.27.so
7feb83edc000-7feb83edd000 r--p 00002000 103:06 15078060                  /lib/x86_64-linux-gnu/libdl-2.27.so
7feb83edd000-7feb83ede000 rw-p 00003000 103:06 15078060                  /lib/x86_64-linux-gnu/libdl-2.27.so
7feb83ede000-7feb83ef8000 r-xp 00000000 103:06 15078170                  /lib/x86_64-linux-gnu/libpthread-2.27.so
7feb83ef8000-7feb840f7000 ---p 0001a000 103:06 15078170                  /lib/x86_64-linux-gnu/libpthread-2.27.so
7feb840f7000-7feb840f8000 r--p 00019000 103:06 15078170                  /lib/x86_64-linux-gnu/libpthread-2.27.so
7feb840f8000-7feb840f9000 rw-p 0001a000 103:06 15078170                  /lib/x86_64-linux-gnu/libpthread-2.27.so
7feb840f9000-7feb840fd000 rw-p 00000000 00:00 0 
7feb840fd000-7feb84119000 r-xp 00000000 103:06 15078209                  /lib/x86_64-linux-gnu/libz.so.1.2.11
7feb84119000-7feb84318000 ---p 0001c000 103:06 15078209                  /lib/x86_64-linux-gnu/libz.so.1.2.11
7feb84318000-7feb84319000 r--p 0001b000 103:06 15078209                  /lib/x86_64-linux-gnu/libz.so.1.2.11
7feb84319000-7feb8431a000 rw-p 0001c000 103:06 15078209                  /lib/x86_64-linux-gnu/libz.so.1.2.11
7feb8431a000-7feb84341000 r-xp 00000000 103:06 15078009                  /lib/x86_64-linux-gnu/ld-2.27.so
7feb8439d000-7feb843b4000 rw-p 00000000 00:00 0 
7feb843b4000-7feb843bb000 ---p 00000000 00:00 0 
7feb843bb000-7feb843d6000 r-xp 00000000 103:06 13902479                  /usr/lib/jvm/java-13-oracle/lib/libjimage.so
7feb843d6000-7feb843d7000 ---p 0001b000 103:06 13902479                  /usr/lib/jvm/java-13-oracle/lib/libjimage.so
7feb843d7000-7feb843d9000 r--p 0001b000 103:06 13902479                  /usr/lib/jvm/java-13-oracle/lib/libjimage.so
7feb843d9000-7feb843da000 rw-p 0001d000 103:06 13902479                  /usr/lib/jvm/java-13-oracle/lib/libjimage.so
7feb843da000-7feb843e1000 r-xp 00000000 103:06 13902498                  /usr/lib/jvm/java-13-oracle/lib/libzip.so
7feb843e1000-7feb843e2000 r--p 00006000 103:06 13902498                  /usr/lib/jvm/java-13-oracle/lib/libzip.so
7feb843e2000-7feb843e3000 rw-p 00007000 103:06 13902498                  /usr/lib/jvm/java-13-oracle/lib/libzip.so
7feb843e3000-7feb843e7000 ---p 00000000 00:00 0 
7feb843e7000-7feb844e6000 rw-p 00000000 00:00 0 
7feb844e6000-7feb844f5000 r-xp 00000000 103:06 13902480                  /usr/lib/jvm/java-13-oracle/lib/libjli.so
7feb844f5000-7feb844f6000 r--p 0000e000 103:06 13902480                  /usr/lib/jvm/java-13-oracle/lib/libjli.so
7feb844f6000-7feb844f7000 rw-p 0000f000 103:06 13902480                  /usr/lib/jvm/java-13-oracle/lib/libjli.so
7feb844f7000-7feb844f9000 rw-p 00000000 00:00 0 
7feb844fc000-7feb84504000 rw-s 00000000 103:06 6423046                   /tmp/hsperfdata_yasmine/21381
7feb84504000-7feb84505000 ---p 00000000 00:00 0 
7feb84505000-7feb84506000 r--p 00000000 00:00 0 
7feb84506000-7feb84507000 ---p 00000000 00:00 0 
7feb84507000-7feb8452e000 r-xp 00000000 103:06 13902475                  /usr/lib/jvm/java-13-oracle/lib/libjava.so
7feb8452e000-7feb8452f000 r--p 00026000 103:06 13902475                  /usr/lib/jvm/java-13-oracle/lib/libjava.so
7feb8452f000-7feb84531000 rw-p 00027000 103:06 13902475                  /usr/lib/jvm/java-13-oracle/lib/libjava.so
7feb84531000-7feb8453e000 r-xp 00000000 103:06 13902497                  /usr/lib/jvm/java-13-oracle/lib/libverify.so
7feb8453e000-7feb84540000 r--p 0000c000 103:06 13902497                  /usr/lib/jvm/java-13-oracle/lib/libverify.so
7feb84540000-7feb84541000 rw-p 0000e000 103:06 13902497                  /usr/lib/jvm/java-13-oracle/lib/libverify.so
7feb84541000-7feb84542000 r--p 00027000 103:06 15078009                  /lib/x86_64-linux-gnu/ld-2.27.so
7feb84542000-7feb84543000 rw-p 00028000 103:06 15078009                  /lib/x86_64-linux-gnu/ld-2.27.so
7feb84543000-7feb84544000 rw-p 00000000 00:00 0 
7ffd1f1ac000-7ffd1f1cd000 rw-p 00000000 00:00 0                          [stack]
7ffd1f1dd000-7ffd1f1e0000 r--p 00000000 00:00 0                          [vvar]
7ffd1f1e0000-7ffd1f1e2000 r-xp 00000000 00:00 0                          [vdso]
ffffffffff600000-ffffffffff601000 r-xp 00000000 00:00 0                  [vsyscall]


VM Arguments:
jvm_args: -Dorg.gradle.native=false -Xmx512m -Dfile.encoding=UTF-8 -Duser.country=FR -Duser.language=fr -Duser.variant -ea 
java_command: worker.org.gradle.process.internal.worker.GradleWorkerMain 'Gradle Test Executor 12'
java_class_path (initial): /home/yasmine/.gradle/caches/6.0-rc-1/workerMain/gradle-worker.jar:/home/yasmine/TechTheTide-HighLevel/T3HL-common/build/classes/java/test:/home/yasmine/TechTheTide-HighLevel/T3HL-common/build/resources/test:/home/yasmine/TechTheTide-HighLevel/T3HL-common/build/classes/java/main:/home/yasmine/TechTheTide-HighLevel/T3HL-common/build/resources/main:/home/yasmine/.gradle/caches/modules-2/files-2.1/com.googlecode.json-simple/json-simple/1.1.1/c9ad4a0850ab676c5c64461a05ca524cdfff59f1/json-simple-1.1.1.jar:/home/yasmine/.gradle/caches/modules-2/files-2.1/junit/junit/4.10/e4f1766ce7404a08f45d859fb9c226fc9e41a861/junit-4.10.jar:/home/yasmine/.gradle/caches/modules-2/files-2.1/com.fazecast/jSerialComm/2.5.1/b587473268132a12ede25b40b5dc83796d67d93/jSerialComm-2.5.1.jar:/home/yasmine/.gradle/caches/modules-2/files-2.1/com.github.Club-INTech/PanneauRaspi/master-SNAPSHOT/d1cceb7ffef53cb6c4d26fb498e418738e8ce106/PanneauRaspi-master-SNAPSHOT.jar:/home/yasmine/.gradle/caches/modules-2/files-2.1/com.github.Club-INTech/config/d190abd67e/7ddc9a5cdb0c8d9459b7e437ae84fdc133bb6c96/config-d190abd67e.jar:/home/yasmine/.gradle/caches/modules-2/files-2.1/com.github.WilliamAHartman/Jamepad/1.2/78a5d651ffb1a46fc42ed9104f59196357433e30/Jamepad-1.2.jar:/home/yasmine/.gradle/caches/modules-2/files-2.1/org.hamcrest/hamcrest-core/1.1/860340562250678d1a344907ac75754e259cdb14/hamcrest-core-1.1.jar:/home/yasmine/.gradle/caches/modules-2/files-2.1/com.pi4j/pi4j-core/1.2/5259166f896a41c72f3f3a239754b8b1b0f866c2/pi4j-core-1.2.jar:/home/yasmine/.gradle/caches/modules-2/files-2.1/org.ini4j/ini4j/0.5.4/4a3ee4146a90c619b20977d65951825f5675b560/ini4j-0.5.4.jar:/home/yasmine/.gradle/caches/modules-2/files-2.1/com.badlogicgames.gdx/gdx-jnigen/1.9.2/bcf5e7a182a120e4b68d8501f2ca3ea9e09fe38e/gdx-jnigen-1.9.2.jar:/home/yasmine/.gradle/caches/modules-2/files-2.1/com.github.javaparser/javaparser-core/2.3.0/a0ff6b83141734b4f7df2c1a7b0fa2ad5dc67523/javaparser-core-2.3.0.jar
Launcher Type: SUN_STANDARD

[Global flags]
     intx CICompilerCount                          = 3                                         {product} {ergonomic}
     uint ConcGCThreads                            = 1                                         {product} {ergonomic}
     uint G1ConcRefinementThreads                  = 4                                         {product} {ergonomic}
   size_t G1HeapRegionSize                         = 1048576                                   {product} {ergonomic}
    uintx GCDrainStackTargetSize                   = 64                                        {product} {ergonomic}
   size_t InitialHeapSize                          = 262144000                                 {product} {ergonomic}
   size_t MarkStackSize                            = 4194304                                   {product} {ergonomic}
   size_t MaxHeapSize                              = 536870912                                 {product} {command line}
   size_t MinHeapDeltaBytes                        = 1048576                                   {product} {ergonomic}
   size_t MinHeapSize                              = 8388608                                   {product} {ergonomic}
    uintx NonNMethodCodeHeapSize                   = 5832780                                {pd product} {ergonomic}
    uintx NonProfiledCodeHeapSize                  = 122912730                              {pd product} {ergonomic}
    uintx ProfiledCodeHeapSize                     = 122912730                              {pd product} {ergonomic}
    uintx ReservedCodeCacheSize                    = 251658240                              {pd product} {ergonomic}
     bool SegmentedCodeCache                       = true                                      {product} {ergonomic}
   size_t SoftMaxHeapSize                          = 536870912                              {manageable} {ergonomic}
     bool UseCompressedClassPointers               = true                                 {lp64_product} {ergonomic}
     bool UseCompressedOops                        = true                                 {lp64_product} {ergonomic}
     bool UseG1GC                                  = true                                      {product} {ergonomic}

Logging:
Log output configuration:
 #0: stdout all=warning uptime,level,tags
 #1: stderr all=off uptime,level,tags

Environment Variables:
PATH=/home/yasmine/bin:/usr/local/sbin:/usr/local/bin:/usr/sbin:/usr/bin:/sbin:/bin:/usr/games:/usr/local/games:/snap/bin
USERNAME=yasmine
SHELL=/bin/bash
DISPLAY=:1

Signal Handlers:
SIGSEGV: [libjvm.so+0xdc0200], sa_mask[0]=11111111011111111101111111111110, sa_flags=SA_RESTART|SA_SIGINFO
SIGBUS: [libjvm.so+0xdc0200], sa_mask[0]=11111111011111111101111111111110, sa_flags=SA_RESTART|SA_SIGINFO
SIGFPE: [libjvm.so+0xdc0200], sa_mask[0]=11111111011111111101111111111110, sa_flags=SA_RESTART|SA_SIGINFO
SIGPIPE: [libjvm.so+0xb9f710], sa_mask[0]=11111111011111111101111111111110, sa_flags=SA_RESTART|SA_SIGINFO
SIGXFSZ: [libjvm.so+0xb9f710], sa_mask[0]=11111111011111111101111111111110, sa_flags=SA_RESTART|SA_SIGINFO
SIGILL: [libjvm.so+0xdc0200], sa_mask[0]=11111111011111111101111111111110, sa_flags=SA_RESTART|SA_SIGINFO
SIGUSR2: [libjvm.so+0xb9f5a0], sa_mask[0]=00100000000000000000000000000000, sa_flags=SA_RESTART|SA_SIGINFO
SIGHUP: SIG_DFL, sa_mask[0]=00000000000000000000000000000000, sa_flags=none
SIGINT: SIG_DFL, sa_mask[0]=00000000000000000000000000000000, sa_flags=none
SIGTERM: SIG_DFL, sa_mask[0]=00000000000000000000000000000000, sa_flags=none
SIGQUIT: SIG_DFL, sa_mask[0]=00000000000000000000000000000000, sa_flags=none


---------------  S Y S T E M  ---------------

OS:DISTRIB_ID=Ubuntu
DISTRIB_RELEASE=18.04
DISTRIB_CODENAME=bionic
DISTRIB_DESCRIPTION="Ubuntu 18.04.4 LTS"
uname:Linux 4.15.0-76-generic #86-Ubuntu SMP Fri Jan 17 17:24:28 UTC 2020 x86_64
libc:glibc 2.27 NPTL 2.27 
rlimit: STACK 8192k, CORE 0k, NPROC 63197, NOFILE 1048576, AS infinity, DATA infinity, FSIZE infinity
load average:6.71 6.31 5.65

/proc/meminfo:
MemTotal:       16298324 kB
MemFree:          164980 kB
MemAvailable:      64344 kB
Buffers:            3444 kB
Cached:           912036 kB
SwapCached:         1948 kB
Active:         14394324 kB
Inactive:        1333704 kB
Active(anon):   14343888 kB
Inactive(anon):  1308108 kB
Active(file):      50436 kB
Inactive(file):    25596 kB
Unevictable:          16 kB
Mlocked:              16 kB
SwapTotal:       2097148 kB
SwapFree:              0 kB
Dirty:               780 kB
Writeback:             0 kB
AnonPages:      14811088 kB
Mapped:           141692 kB
Shmem:            838948 kB
Slab:             151676 kB
SReclaimable:      64980 kB
SUnreclaim:        86696 kB
KernelStack:       22268 kB
PageTables:       118756 kB
NFS_Unstable:          0 kB
Bounce:                0 kB
WritebackTmp:          0 kB
CommitLimit:    10246308 kB
Committed_AS:   25028516 kB
VmallocTotal:   34359738367 kB
VmallocUsed:           0 kB
VmallocChunk:          0 kB
HardwareCorrupted:     0 kB
AnonHugePages:         0 kB
ShmemHugePages:        0 kB
ShmemPmdMapped:        0 kB
CmaTotal:              0 kB
CmaFree:               0 kB
HugePages_Total:       0
HugePages_Free:        0
HugePages_Rsvd:        0
HugePages_Surp:        0
Hugepagesize:       2048 kB
DirectMap4k:      376392 kB
DirectMap2M:    16273408 kB
DirectMap1G:     1048576 kB


/proc/sys/kernel/threads-max (system-wide limit on the number of threads):
126395


/proc/sys/vm/max_map_count (maximum number of memory map areas a process may have):
65530


/proc/sys/kernel/pid_max (system-wide limit on number of process identifiers):
32768



container (cgroup) information:
container_type: cgroupv1
cpu_cpuset_cpus: 0-3
cpu_memory_nodes: 0
active_processor_count: 4
cpu_quota: no quota
cpu_period: 100000
cpu_shares: no shares
memory_limit_in_bytes: unlimited
memory_and_swap_limit_in_bytes: not supported
memory_soft_limit_in_bytes: unlimited
memory_usage_in_bytes: 16105996288
memory_max_usage_in_bytes: 8364032

Steal ticks since vm start: 0
Steal ticks percentage since vm start:  0.000

CPU:total 4 (initial active 4) (2 cores per cpu, 2 threads per core) family 6 model 78 stepping 3, cmov, cx8, fxsr, mmx, sse, sse2, sse3, ssse3, sse4.1, sse4.2, popcnt, avx, avx2, aes, clmul, erms, rtm, 3dnowpref, lzcnt, ht, tsc, tscinvbit, bmi1, bmi2, adx, fma
CPU Model and flags from /proc/cpuinfo:
model name	: Intel(R) Core(TM) i7-6600U CPU @ 2.60GHz
flags		: fpu vme de pse tsc msr pae mce cx8 apic sep mtrr pge mca cmov pat pse36 clflush dts acpi mmx fxsr sse sse2 ss ht tm pbe syscall nx pdpe1gb rdtscp lm constant_tsc art arch_perfmon pebs bts rep_good nopl xtopology nonstop_tsc cpuid aperfmperf tsc_known_freq pni pclmulqdq dtes64 monitor ds_cpl vmx smx est tm2 ssse3 sdbg fma cx16 xtpr pdcm pcid sse4_1 sse4_2 x2apic movbe popcnt tsc_deadline_timer aes xsave avx f16c rdrand lahf_lm abm 3dnowprefetch cpuid_fault epb invpcid_single pti ssbd ibrs ibpb stibp tpr_shadow vnmi flexpriority ept vpid fsgsbase tsc_adjust bmi1 hle avx2 smep bmi2 erms invpcid rtm mpx rdseed adx smap clflushopt intel_pt xsaveopt xsavec xgetbv1 xsaves dtherm ida arat pln pts hwp hwp_notify hwp_act_window hwp_epp md_clear flush_l1d

Memory: 4k page, physical 16298324k(164980k free), swap 2097148k(0k free)

vm_info: Java HotSpot(TM) 64-Bit Server VM (13.0.2+8) for linux-amd64 JRE (13.0.2+8), built on Dec 11 2019 09:23:46 by "mach5one" with gcc 8.2.0

END.
